2022.11.27 18:19:31 INFO  tracing is disabled for protocol LSP, to enable tracing of incoming and outgoing JSON messages create an empty file at /Users/RPothuri/Library/CloudStorage/OneDrive-IQVIA/IdeaProjects/AtomicScala/.metals/lsp.trace.json or /Users/RPothuri/Library/Caches/org.scalameta.metals/lsp.trace.json
2022.11.27 18:19:32 INFO  logging to file /Users/RPothuri/Library/CloudStorage/OneDrive-IQVIA/IdeaProjects/AtomicScala/.metals/metals.log
2022.11.27 18:19:32 INFO  Started: Metals version 0.11.9 in workspace '/Users/RPothuri/Library/CloudStorage/OneDrive-IQVIA/IdeaProjects/AtomicScala' for client Visual Studio Code 1.73.1.
2022.11.27 18:19:34 INFO  time: initialize in 1.8s
2022.11.27 18:19:33 WARN  Build server is not auto-connectable.
2022.11.27 18:19:33 WARN  no build tool detected in workspace '/Users/RPothuri/Library/CloudStorage/OneDrive-IQVIA/IdeaProjects/AtomicScala'. The most common cause for this problem is that the editor was opened in the wrong working directory, for example if you use sbt then the workspace directory should contain build.sbt. 
2022.11.27 18:19:34 WARN  no build target for: /Users/RPothuri/Library/CloudStorage/OneDrive-IQVIA/IdeaProjects/AtomicScala/scalatutorial/src/main/scala/Exercise1Values.scala
2022.11.27 18:19:39 INFO  no build target found for /Users/RPothuri/Library/CloudStorage/OneDrive-IQVIA/IdeaProjects/AtomicScala/scalatutorial/src/main/scala/Exercise1Values.scala. Using presentation compiler with project's scala-library version: 3.2.0
2022.11.27 18:19:40 INFO  time: code lens generation in 1.11s
2022.11.27 18:20:02 INFO  shutting down Metals
2022.11.27 18:20:18 INFO  tracing is disabled for protocol LSP, to enable tracing of incoming and outgoing JSON messages create an empty file at /Users/RPothuri/Library/CloudStorage/OneDrive-IQVIA/IdeaProjects/AtomicScala/.metals/lsp.trace.json or /Users/RPothuri/Library/Caches/org.scalameta.metals/lsp.trace.json
2022.11.27 18:20:18 INFO  logging to file /Users/RPothuri/Library/CloudStorage/OneDrive-IQVIA/IdeaProjects/AtomicScala/.metals/metals.log
2022.11.27 18:20:18 INFO  Started: Metals version 0.11.9 in workspace '/Users/RPothuri/Library/CloudStorage/OneDrive-IQVIA/IdeaProjects/AtomicScala' for client Visual Studio Code 1.73.1.
2022.11.27 18:20:20 INFO  time: initialize in 1.15s
2022.11.27 18:20:20 WARN  Build server is not auto-connectable.
2022.11.27 18:20:20 WARN  no build tool detected in workspace '/Users/RPothuri/Library/CloudStorage/OneDrive-IQVIA/IdeaProjects/AtomicScala'. The most common cause for this problem is that the editor was opened in the wrong working directory, for example if you use sbt then the workspace directory should contain build.sbt. 
2022.11.27 18:20:21 INFO  no build target found for /Users/RPothuri/Library/CloudStorage/OneDrive-IQVIA/IdeaProjects/AtomicScala/scalatutorial/src/main/scala/Exercise9Methods.sc. Using presentation compiler with project's scala-library version: 3.2.0
2022.11.27 18:20:23 INFO  time: code lens generation in 2.77s
2022.11.27 18:20:33 WARN  scala-cli >= 0.1.3 not found in PATH, fetching and starting a JVM-based Scala CLI
2022.11.27 18:20:38 INFO  Found Java version 1. Scala CLI requires at least Java 17, getting a temurin:17 JVM via coursier-jvm.
java.lang.Exception: Error while getting https://github.com/coursier/jvm-index/raw/master/index.json: download error: Caught javax.net.ssl.SSLHandshakeException (sun.security.validator.ValidatorException: PKIX path building failed: sun.security.provider.certpath.SunCertPathBuilderException: unable to find valid certification path to requested target) while downloading https://github.com/coursier/jvm-index/raw/master/index.json
	at coursierapi.shaded.coursier.jvm.JvmIndex$.$anonfun$load$5(JvmIndex.scala:145)
	at coursierapi.shaded.coursier.jvm.JvmIndex$.$anonfun$load$5$adapted(JvmIndex.scala:143)
	at coursierapi.shaded.coursier.util.Task$.$anonfun$flatMap$extension$1(Task.scala:14)
	at coursierapi.shaded.coursier.util.Task$.$anonfun$flatMap$extension$1$adapted(Task.scala:14)
	at coursierapi.shaded.coursier.util.Task$.wrap(Task.scala:82)
	at coursierapi.shaded.coursier.util.Task$.$anonfun$flatMap$2(Task.scala:14)
	at coursierapi.shaded.scala.concurrent.impl.Promise$Transformation.run(Promise.scala:470)
	at java.util.concurrent.ThreadPoolExecutor.runWorker(ThreadPoolExecutor.java:1149)
	at java.util.concurrent.ThreadPoolExecutor$Worker.run(ThreadPoolExecutor.java:624)
	at java.lang.Thread.run(Thread.java:750)
2022.11.27 18:21:00 WARN  no build target for: /Users/RPothuri/Library/CloudStorage/OneDrive-IQVIA/IdeaProjects/AtomicScala/scalatutorial/src/main/scala/Exercise9Methods.sc
Nov 27, 2022 6:21:00 PM org.eclipse.lsp4j.jsonrpc.RemoteEndpoint fallbackResponseError
SEVERE: Internal error: java.lang.reflect.InvocationTargetException
java.lang.RuntimeException: java.lang.reflect.InvocationTargetException
	at org.eclipse.lsp4j.jsonrpc.services.GenericEndpoint.lambda$null$0(GenericEndpoint.java:67)
	at org.eclipse.lsp4j.jsonrpc.services.GenericEndpoint.request(GenericEndpoint.java:120)
	at org.eclipse.lsp4j.jsonrpc.RemoteEndpoint.handleRequest(RemoteEndpoint.java:261)
	at org.eclipse.lsp4j.jsonrpc.RemoteEndpoint.consume(RemoteEndpoint.java:190)
	at org.eclipse.lsp4j.jsonrpc.json.StreamMessageProducer.handleMessage(StreamMessageProducer.java:194)
	at org.eclipse.lsp4j.jsonrpc.json.StreamMessageProducer.listen(StreamMessageProducer.java:94)
	at org.eclipse.lsp4j.jsonrpc.json.ConcurrentMessageProcessor.run(ConcurrentMessageProcessor.java:113)
	at java.util.concurrent.Executors$RunnableAdapter.call(Executors.java:511)
	at java.util.concurrent.FutureTask.run(FutureTask.java:266)
	at java.util.concurrent.ThreadPoolExecutor.runWorker(ThreadPoolExecutor.java:1149)
	at java.util.concurrent.ThreadPoolExecutor$Worker.run(ThreadPoolExecutor.java:624)
	at java.lang.Thread.run(Thread.java:750)
Caused by: java.lang.reflect.InvocationTargetException
	at sun.reflect.NativeMethodAccessorImpl.invoke0(Native Method)
	at sun.reflect.NativeMethodAccessorImpl.invoke(NativeMethodAccessorImpl.java:62)
	at sun.reflect.DelegatingMethodAccessorImpl.invoke(DelegatingMethodAccessorImpl.java:43)
	at java.lang.reflect.Method.invoke(Method.java:498)
	at org.eclipse.lsp4j.jsonrpc.services.GenericEndpoint.lambda$null$0(GenericEndpoint.java:65)
	... 11 more
Caused by: java.nio.file.FileSystemNotFoundException: Provider "output" not installed
	at java.nio.file.Paths.get(Paths.java:147)
	at scala.meta.internal.mtags.MtagsEnrichments$XtensionURIMtags.toAbsolutePath(MtagsEnrichments.scala:117)
	at scala.meta.internal.mtags.MtagsEnrichments$XtensionStringMtags.toAbsolutePath(MtagsEnrichments.scala:143)
	at scala.meta.internal.metals.MetalsEnrichments$XtensionString.toAbsolutePath(MetalsEnrichments.scala:609)
	at scala.meta.internal.metals.MetalsEnrichments$XtensionString.toAbsolutePath(MetalsEnrichments.scala:606)
	at scala.meta.internal.metals.debug.DebugProvider.debugDiscovery(DebugProvider.scala:399)
	at scala.meta.internal.metals.MetalsLanguageServer.executeCommand(MetalsLanguageServer.scala:1963)
	... 16 more

2022.11.27 18:21:08 WARN  no build target for: /Users/RPothuri/Library/CloudStorage/OneDrive-IQVIA/IdeaProjects/AtomicScala/scalatutorial/src/main/scala/Exercise9Methods.sc
Nov 27, 2022 6:21:08 PM org.eclipse.lsp4j.jsonrpc.RemoteEndpoint fallbackResponseError
SEVERE: Internal error: scala.meta.internal.metals.debug.BuildTargetNotFoundForPathException: No build target could be found for the path: /Users/RPothuri/Library/CloudStorage/OneDrive-IQVIA/IdeaProjects/AtomicScala/scalatutorial/src/main/scala/Exercise9Methods.sc
java.util.concurrent.CompletionException: scala.meta.internal.metals.debug.BuildTargetNotFoundForPathException: No build target could be found for the path: /Users/RPothuri/Library/CloudStorage/OneDrive-IQVIA/IdeaProjects/AtomicScala/scalatutorial/src/main/scala/Exercise9Methods.sc
	at java.util.concurrent.CompletableFuture.encodeThrowable(CompletableFuture.java:292)
	at java.util.concurrent.CompletableFuture.completeThrowable(CompletableFuture.java:308)
	at java.util.concurrent.CompletableFuture.uniAccept(CompletableFuture.java:661)
	at java.util.concurrent.CompletableFuture$UniAccept.tryFire(CompletableFuture.java:646)
	at java.util.concurrent.CompletableFuture.uniAcceptStage(CompletableFuture.java:686)
	at java.util.concurrent.CompletableFuture.thenAcceptAsync(CompletableFuture.java:2014)
	at scala.concurrent.java8.FuturesConvertersImpl$CF.thenAccept(FutureConvertersImpl.scala:37)
	at org.eclipse.lsp4j.jsonrpc.RemoteEndpoint.handleRequest(RemoteEndpoint.java:279)
	at org.eclipse.lsp4j.jsonrpc.RemoteEndpoint.consume(RemoteEndpoint.java:190)
	at org.eclipse.lsp4j.jsonrpc.json.StreamMessageProducer.handleMessage(StreamMessageProducer.java:194)
	at org.eclipse.lsp4j.jsonrpc.json.StreamMessageProducer.listen(StreamMessageProducer.java:94)
	at org.eclipse.lsp4j.jsonrpc.json.ConcurrentMessageProcessor.run(ConcurrentMessageProcessor.java:113)
	at java.util.concurrent.Executors$RunnableAdapter.call(Executors.java:511)
	at java.util.concurrent.FutureTask.run(FutureTask.java:266)
	at java.util.concurrent.ThreadPoolExecutor.runWorker(ThreadPoolExecutor.java:1149)
	at java.util.concurrent.ThreadPoolExecutor$Worker.run(ThreadPoolExecutor.java:624)
	at java.lang.Thread.run(Thread.java:750)
Caused by: scala.meta.internal.metals.debug.BuildTargetNotFoundForPathException: No build target could be found for the path: /Users/RPothuri/Library/CloudStorage/OneDrive-IQVIA/IdeaProjects/AtomicScala/scalatutorial/src/main/scala/Exercise9Methods.sc
	at scala.meta.internal.metals.debug.DebugProvider.debugDiscovery(DebugProvider.scala:412)
	at scala.meta.internal.metals.MetalsLanguageServer.executeCommand(MetalsLanguageServer.scala:1963)
	at sun.reflect.NativeMethodAccessorImpl.invoke0(Native Method)
	at sun.reflect.NativeMethodAccessorImpl.invoke(NativeMethodAccessorImpl.java:62)
	at sun.reflect.DelegatingMethodAccessorImpl.invoke(DelegatingMethodAccessorImpl.java:43)
	at java.lang.reflect.Method.invoke(Method.java:498)
	at org.eclipse.lsp4j.jsonrpc.services.GenericEndpoint.lambda$null$0(GenericEndpoint.java:65)
	at org.eclipse.lsp4j.jsonrpc.services.GenericEndpoint.request(GenericEndpoint.java:120)
	at org.eclipse.lsp4j.jsonrpc.RemoteEndpoint.handleRequest(RemoteEndpoint.java:261)
	... 9 more

2022.11.27 18:21:10 WARN  no build target for: /Users/RPothuri/Library/CloudStorage/OneDrive-IQVIA/IdeaProjects/AtomicScala/scalatutorial/src/main/scala/Exercise1Values.scala
2022.11.27 18:21:11 WARN  no build target for: /Users/RPothuri/Library/CloudStorage/OneDrive-IQVIA/IdeaProjects/AtomicScala/scalatutorial/src/main/scala/Exercise1Values.scala
Nov 27, 2022 6:21:11 PM org.eclipse.lsp4j.jsonrpc.RemoteEndpoint fallbackResponseError
SEVERE: Internal error: scala.meta.internal.metals.debug.BuildTargetNotFoundForPathException: No build target could be found for the path: /Users/RPothuri/Library/CloudStorage/OneDrive-IQVIA/IdeaProjects/AtomicScala/scalatutorial/src/main/scala/Exercise1Values.scala
java.util.concurrent.CompletionException: scala.meta.internal.metals.debug.BuildTargetNotFoundForPathException: No build target could be found for the path: /Users/RPothuri/Library/CloudStorage/OneDrive-IQVIA/IdeaProjects/AtomicScala/scalatutorial/src/main/scala/Exercise1Values.scala
	at java.util.concurrent.CompletableFuture.encodeThrowable(CompletableFuture.java:292)
	at java.util.concurrent.CompletableFuture.completeThrowable(CompletableFuture.java:308)
	at java.util.concurrent.CompletableFuture.uniAccept(CompletableFuture.java:661)
	at java.util.concurrent.CompletableFuture$UniAccept.tryFire(CompletableFuture.java:646)
	at java.util.concurrent.CompletableFuture.uniAcceptStage(CompletableFuture.java:686)
	at java.util.concurrent.CompletableFuture.thenAcceptAsync(CompletableFuture.java:2014)
	at scala.concurrent.java8.FuturesConvertersImpl$CF.thenAccept(FutureConvertersImpl.scala:37)
	at org.eclipse.lsp4j.jsonrpc.RemoteEndpoint.handleRequest(RemoteEndpoint.java:279)
	at org.eclipse.lsp4j.jsonrpc.RemoteEndpoint.consume(RemoteEndpoint.java:190)
	at org.eclipse.lsp4j.jsonrpc.json.StreamMessageProducer.handleMessage(StreamMessageProducer.java:194)
	at org.eclipse.lsp4j.jsonrpc.json.StreamMessageProducer.listen(StreamMessageProducer.java:94)
	at org.eclipse.lsp4j.jsonrpc.json.ConcurrentMessageProcessor.run(ConcurrentMessageProcessor.java:113)
	at java.util.concurrent.Executors$RunnableAdapter.call(Executors.java:511)
	at java.util.concurrent.FutureTask.run(FutureTask.java:266)
	at java.util.concurrent.ThreadPoolExecutor.runWorker(ThreadPoolExecutor.java:1149)
	at java.util.concurrent.ThreadPoolExecutor$Worker.run(ThreadPoolExecutor.java:624)
	at java.lang.Thread.run(Thread.java:750)
Caused by: scala.meta.internal.metals.debug.BuildTargetNotFoundForPathException: No build target could be found for the path: /Users/RPothuri/Library/CloudStorage/OneDrive-IQVIA/IdeaProjects/AtomicScala/scalatutorial/src/main/scala/Exercise1Values.scala
	at scala.meta.internal.metals.debug.DebugProvider.debugDiscovery(DebugProvider.scala:412)
	at scala.meta.internal.metals.MetalsLanguageServer.executeCommand(MetalsLanguageServer.scala:1963)
	at sun.reflect.NativeMethodAccessorImpl.invoke0(Native Method)
	at sun.reflect.NativeMethodAccessorImpl.invoke(NativeMethodAccessorImpl.java:62)
	at sun.reflect.DelegatingMethodAccessorImpl.invoke(DelegatingMethodAccessorImpl.java:43)
	at java.lang.reflect.Method.invoke(Method.java:498)
	at org.eclipse.lsp4j.jsonrpc.services.GenericEndpoint.lambda$null$0(GenericEndpoint.java:65)
	at org.eclipse.lsp4j.jsonrpc.services.GenericEndpoint.request(GenericEndpoint.java:120)
	at org.eclipse.lsp4j.jsonrpc.RemoteEndpoint.handleRequest(RemoteEndpoint.java:261)
	... 9 more

2022.11.27 18:21:19 INFO  shutting down Metals
2023.06.13 16:57:43 INFO  Started: Metals version 0.11.12 in workspace '/Users/RPothuri/Library/CloudStorage/OneDrive-IQVIA/IdeaProjects/AtomicScala' for client Visual Studio Code 1.79.0.
Jun 13, 2023 4:57:43 PM org.flywaydb.core.internal.license.VersionPrinter printVersionOnly
INFO: Flyway Community Edition 9.16.3 by Redgate
Jun 13, 2023 4:57:43 PM org.flywaydb.core.internal.license.VersionPrinter printVersion
INFO: See release notes here: https://rd.gt/416ObMi
Jun 13, 2023 4:57:43 PM org.flywaydb.core.internal.license.VersionPrinter printVersion
INFO: 
Jun 13, 2023 4:57:43 PM org.flywaydb.core.internal.database.base.BaseDatabaseType createDatabase
INFO: Database: jdbc:h2:file:/Users/RPothuri/Library/CloudStorage/OneDrive-IQVIA/IdeaProjects/AtomicScala/.metals/metals (H2 2.1)
Jun 13, 2023 4:57:43 PM org.flywaydb.core.internal.command.DbValidate validate
INFO: Successfully validated 4 migrations (execution time 00:00.021s)
Jun 13, 2023 4:57:43 PM org.flywaydb.core.internal.command.DbMigrate migrateGroup
INFO: Current version of schema "PUBLIC": 4
Jun 13, 2023 4:57:43 PM org.flywaydb.core.internal.command.DbMigrate logSummary
INFO: Schema "PUBLIC" is up to date. No migration necessary.
2023.06.13 16:57:43 INFO  time: initialize in 0.57s
Jun 13, 2023 4:57:44 PM org.eclipse.lsp4j.jsonrpc.RemoteEndpoint handleCancellation
WARNING: Unmatched cancel notification for request id 1
2023.06.13 16:57:44 WARN  Build server is not auto-connectable.
2023.06.13 16:57:44 WARN  no build tool detected in workspace '/Users/RPothuri/Library/CloudStorage/OneDrive-IQVIA/IdeaProjects/AtomicScala'. The most common cause for this problem is that the editor was opened in the wrong working directory, for example if you use sbt then the workspace directory should contain build.sbt. 
2023.06.13 16:57:48 INFO  no build target found for /Users/RPothuri/Library/CloudStorage/OneDrive-IQVIA/IdeaProjects/AtomicScala/scalatutorial/src/main/scala/E24Constructors.sc. Using presentation compiler with project's scala-library version: 3.2.2
2023.06.13 17:02:20 WARN  scala-cli >= 0.1.3 not found in PATH, fetching and starting a JVM-based Scala CLI
2023.06.13 17:02:25 INFO  Found Java version 1. Scala CLI requires at least Java 17, getting a temurin:17 JVM via coursier-jvm.
2023.06.13 17:02:25 WARN  Error requesting Scala script import
java.lang.Exception: Error while getting https://github.com/coursier/jvm-index/raw/master/index.json: download error: Caught javax.net.ssl.SSLHandshakeException (sun.security.validator.ValidatorException: PKIX path building failed: sun.security.provider.certpath.SunCertPathBuilderException: unable to find valid certification path to requested target) while downloading https://github.com/coursier/jvm-index/raw/master/index.json
	at coursierapi.shaded.coursier.jvm.JvmIndex$.$anonfun$load$5(JvmIndex.scala:142)
	at coursierapi.shaded.coursier.jvm.JvmIndex$.$anonfun$load$5$adapted(JvmIndex.scala:140)
	at coursierapi.shaded.coursier.util.Task$.$anonfun$flatMap$extension$1(Task.scala:14)
	at coursierapi.shaded.coursier.util.Task$.$anonfun$flatMap$extension$1$adapted(Task.scala:14)
	at coursierapi.shaded.coursier.util.Task$.wrap(Task.scala:82)
	at coursierapi.shaded.coursier.util.Task$.$anonfun$flatMap$2(Task.scala:14)
	at coursierapi.shaded.scala.concurrent.impl.Promise$Transformation.run(Promise.scala:470)
	at java.util.concurrent.ThreadPoolExecutor.runWorker(ThreadPoolExecutor.java:1149)
	at java.util.concurrent.ThreadPoolExecutor$Worker.run(ThreadPoolExecutor.java:624)
	at java.lang.Thread.run(Thread.java:750)

2023.06.13 17:02:47 WARN  no build target for: /Users/RPothuri/Library/CloudStorage/OneDrive-IQVIA/IdeaProjects/AtomicScala/scalatutorial/src/main/scala/E1Values.scala
2023.06.13 17:03:17 WARN  no build target for: /Users/RPothuri/Library/CloudStorage/OneDrive-IQVIA/IdeaProjects/AtomicScala/scalatutorial/src/main/scala/E1Values.scala
2023.06.13 17:03:19 WARN  no build tool detected in workspace '/Users/RPothuri/Library/CloudStorage/OneDrive-IQVIA/IdeaProjects/AtomicScala'. The most common cause for this problem is that the editor was opened in the wrong working directory, for example if you use sbt then the workspace directory should contain build.sbt. 
2023.06.13 17:03:19 WARN  no build tool detected in workspace '/Users/RPothuri/Library/CloudStorage/OneDrive-IQVIA/IdeaProjects/AtomicScala'. The most common cause for this problem is that the editor was opened in the wrong working directory, for example if you use sbt then the workspace directory should contain build.sbt. 
2023.06.13 17:03:21 WARN  no build tool detected in workspace '/Users/RPothuri/Library/CloudStorage/OneDrive-IQVIA/IdeaProjects/AtomicScala'. The most common cause for this problem is that the editor was opened in the wrong working directory, for example if you use sbt then the workspace directory should contain build.sbt. 
2023.06.13 17:03:21 WARN  no build tool detected in workspace '/Users/RPothuri/Library/CloudStorage/OneDrive-IQVIA/IdeaProjects/AtomicScala'. The most common cause for this problem is that the editor was opened in the wrong working directory, for example if you use sbt then the workspace directory should contain build.sbt. 
2023.06.13 17:03:21 WARN  no build tool detected in workspace '/Users/RPothuri/Library/CloudStorage/OneDrive-IQVIA/IdeaProjects/AtomicScala'. The most common cause for this problem is that the editor was opened in the wrong working directory, for example if you use sbt then the workspace directory should contain build.sbt. 
2023.06.13 17:03:23 WARN  no build tool detected in workspace '/Users/RPothuri/Library/CloudStorage/OneDrive-IQVIA/IdeaProjects/AtomicScala'. The most common cause for this problem is that the editor was opened in the wrong working directory, for example if you use sbt then the workspace directory should contain build.sbt. 
2023.06.13 17:03:23 WARN  no build tool detected in workspace '/Users/RPothuri/Library/CloudStorage/OneDrive-IQVIA/IdeaProjects/AtomicScala'. The most common cause for this problem is that the editor was opened in the wrong working directory, for example if you use sbt then the workspace directory should contain build.sbt. 
Jun 13, 2023 5:03:36 PM org.eclipse.lsp4j.jsonrpc.services.GenericEndpoint notify
INFO: Unsupported notification method: $/setTrace
2023.06.13 17:03:43 WARN  no build target for: /Users/RPothuri/Library/CloudStorage/OneDrive-IQVIA/IdeaProjects/AtomicScala/scalatutorial/src/main/scala/E1Values.scala
Jun 13, 2023 5:03:43 PM org.eclipse.lsp4j.jsonrpc.RemoteEndpoint fallbackResponseError
SEVERE: Internal error: scala.meta.internal.metals.debug.BuildTargetNotFoundForPathException: No build target could be found for the path: /Users/RPothuri/Library/CloudStorage/OneDrive-IQVIA/IdeaProjects/AtomicScala/scalatutorial/src/main/scala/E1Values.scala
java.util.concurrent.CompletionException: scala.meta.internal.metals.debug.BuildTargetNotFoundForPathException: No build target could be found for the path: /Users/RPothuri/Library/CloudStorage/OneDrive-IQVIA/IdeaProjects/AtomicScala/scalatutorial/src/main/scala/E1Values.scala
	at java.util.concurrent.CompletableFuture.encodeThrowable(CompletableFuture.java:292)
	at java.util.concurrent.CompletableFuture.completeThrowable(CompletableFuture.java:308)
	at java.util.concurrent.CompletableFuture.uniAccept(CompletableFuture.java:661)
	at java.util.concurrent.CompletableFuture$UniAccept.tryFire(CompletableFuture.java:646)
	at java.util.concurrent.CompletableFuture.uniAcceptStage(CompletableFuture.java:686)
	at java.util.concurrent.CompletableFuture.thenAcceptAsync(CompletableFuture.java:2014)
	at scala.concurrent.java8.FuturesConvertersImpl$CF.thenAccept(FutureConvertersImpl.scala:37)
	at org.eclipse.lsp4j.jsonrpc.RemoteEndpoint.handleRequest(RemoteEndpoint.java:279)
	at org.eclipse.lsp4j.jsonrpc.RemoteEndpoint.consume(RemoteEndpoint.java:190)
	at org.eclipse.lsp4j.jsonrpc.json.StreamMessageProducer.handleMessage(StreamMessageProducer.java:194)
	at org.eclipse.lsp4j.jsonrpc.json.StreamMessageProducer.listen(StreamMessageProducer.java:94)
	at org.eclipse.lsp4j.jsonrpc.json.ConcurrentMessageProcessor.run(ConcurrentMessageProcessor.java:113)
	at java.util.concurrent.Executors$RunnableAdapter.call(Executors.java:511)
	at java.util.concurrent.FutureTask.run(FutureTask.java:266)
	at java.util.concurrent.ThreadPoolExecutor.runWorker(ThreadPoolExecutor.java:1149)
	at java.util.concurrent.ThreadPoolExecutor$Worker.run(ThreadPoolExecutor.java:624)
	at java.lang.Thread.run(Thread.java:750)
Caused by: scala.meta.internal.metals.debug.BuildTargetNotFoundForPathException: No build target could be found for the path: /Users/RPothuri/Library/CloudStorage/OneDrive-IQVIA/IdeaProjects/AtomicScala/scalatutorial/src/main/scala/E1Values.scala
	at scala.meta.internal.metals.debug.DebugProvider.debugDiscovery(DebugProvider.scala:469)
	at scala.meta.internal.metals.MetalsLspService.executeCommand(MetalsLspService.scala:2031)
	at scala.meta.metals.lsp.DelegatingScalaService.executeCommand(DelegatingScalaService.scala:169)
	at sun.reflect.NativeMethodAccessorImpl.invoke0(Native Method)
	at sun.reflect.NativeMethodAccessorImpl.invoke(NativeMethodAccessorImpl.java:62)
	at sun.reflect.DelegatingMethodAccessorImpl.invoke(DelegatingMethodAccessorImpl.java:43)
	at java.lang.reflect.Method.invoke(Method.java:498)
	at org.eclipse.lsp4j.jsonrpc.services.GenericEndpoint.lambda$null$0(GenericEndpoint.java:65)
	at org.eclipse.lsp4j.jsonrpc.services.GenericEndpoint.request(GenericEndpoint.java:120)
	at org.eclipse.lsp4j.jsonrpc.RemoteEndpoint.handleRequest(RemoteEndpoint.java:261)
	... 9 more

2023.06.13 17:05:00 WARN  no build target for: /Users/RPothuri/Library/CloudStorage/OneDrive-IQVIA/IdeaProjects/AtomicScala/scalatutorial/src/main/scala/E3Variables.scala
2023.06.13 17:06:36 WARN  scala-cli >= 0.1.3 not found in PATH, fetching and starting a JVM-based Scala CLI
2023.06.13 17:06:36 INFO  Found Java version 1. Scala CLI requires at least Java 17, getting a temurin:17 JVM via coursier-jvm.
2023.06.13 17:08:29 WARN  no build tool detected in workspace '/Users/RPothuri/Library/CloudStorage/OneDrive-IQVIA/IdeaProjects/AtomicScala'. The most common cause for this problem is that the editor was opened in the wrong working directory, for example if you use sbt then the workspace directory should contain build.sbt. 
2023.06.13 17:11:13 WARN  no build target for: /Users/RPothuri/Library/CloudStorage/OneDrive-IQVIA/IdeaProjects/AtomicScala/scalatutorial/src/main/scala/com/atomicscala/AtomicTest.scala
2023.06.13 17:12:27 WARN  scala-cli >= 0.1.3 not found in PATH, fetching and starting a JVM-based Scala CLI
2023.06.13 17:12:27 INFO  Found Java version 1. Scala CLI requires at least Java 17, getting a temurin:17 JVM via coursier-jvm.
2023.06.13 17:12:44 WARN  no build target for: /Users/RPothuri/Library/CloudStorage/OneDrive-IQVIA/IdeaProjects/AtomicScala/scalatutorial/src/main/scala/E8Summary1.scala
2023.06.13 17:13:01 WARN  scala-cli >= 0.1.3 not found in PATH, fetching and starting a JVM-based Scala CLI
2023.06.13 17:13:01 INFO  Found Java version 1. Scala CLI requires at least Java 17, getting a temurin:17 JVM via coursier-jvm.
2023.06.13 17:13:02 WARN  scala-cli >= 0.1.3 not found in PATH, fetching and starting a JVM-based Scala CLI
2023.06.13 17:13:02 INFO  Found Java version 1. Scala CLI requires at least Java 17, getting a temurin:17 JVM via coursier-jvm.
2023.06.13 17:40:37 INFO  Shutting down server
2023.06.13 17:40:37 INFO  shutting down Metals
2023.06.13 17:40:37 INFO  Exiting server
